<?xml version="1.0" encoding="UTF-8"?>
<!-- Generated by org.testng.reporters.JUnitXMLReporter -->
<testsuite ignored="0" hostname="DESKTOP-CIK2MVL" failures="0" tests="3" name="Submit Order Test" time="24.977" errors="0" timestamp="2024-05-12T20:04:49 EDT">
  <testcase classname="rahulshettyacademy.Tests.SubmitAloneOrderTest" name="SubmitAloneOrder" time="4.026"/>
  <testcase classname="rahulshettyacademy.Tests.SubmitAloneOrderTest" name="SubmitAloneOrder" time="3.92"/>
  <testcase classname="rahulshettyacademy.Tests.SubmitAloneOrderTest" name="OrderHistory" time="0.998"/>
</testsuite> <!-- Submit Order Test -->
